<?xml version="1.0" encoding="UTF-8"?>
<testng-results ignored="0" total="1" passed="1" failed="0" skipped="0">
  <reporter-output>
  </reporter-output>
  <suite started-at="2024-06-26T18:33:26 EDT" name="Default suite" finished-at="2024-06-26T18:33:36 EDT" duration-ms="9318">
    <groups>
    </groups>
    <test started-at="2024-06-26T18:33:26 EDT" name="Default test" finished-at="2024-06-26T18:33:36 EDT" duration-ms="9318">
      <class name="titleTest.EbayVerifyTitle">
        <test-method signature="titleTest()[pri:0, instance:titleTest.EbayVerifyTitle@a8ef162]" started-at="2024-06-26T18:33:26 EDT" name="titleTest" finished-at="2024-06-26T18:33:36 EDT" duration-ms="9289" status="PASS">
          <reporter-output>
          </reporter-output>
        </test-method> <!-- titleTest -->
      </class> <!-- titleTest.EbayVerifyTitle -->
    </test> <!-- Default test -->
  </suite> <!-- Default suite -->
</testng-results>
